{"body":{"event":"user_registered","user":{"id":1,"name":"John Doe"}},"level":"info","message":"Received POST request at /events","timestamp":"2023-09-14 17:55:58"}
{"level":"debug","message":"The is the home '/' route.","timestamp":"2023-09-14 17:55:58"}
{"body":{"name":"EL TANITO"},"level":"info","message":"Received POST request at /webhook","timestamp":"2023-09-18 17:24:50"}
{"body":{"name":"EL TANITO"},"level":"info","message":"Received POST request at /webhook","timestamp":"2023-09-18 17:25:01"}
{"body":{"name":"EL TANITO"},"level":"info","message":"Received POST request at /webhook","timestamp":"2023-09-19 09:16:39"}
{"body":{"name":"HOLA GUACHO"},"level":"info","message":"Received POST request at /webhook","timestamp":"2023-09-19 10:54:19"}
{"body":{"mensaje":"aca tenes el tail huevon"},"level":"info","message":"Received POST request at /webhook","timestamp":"2023-09-19 10:56:15"}
{"body":{"event":"user_registered","user":{"id":1,"name":"John Doe"}},"level":"info","message":"Received POST request at /webhook","timestamp":"2023-09-19 11:00:52"}
{"body":{"event":"user_registered","user":{"id":1,"name":"HOLAAAA"}},"level":"info","message":"Received POST request at /webhook","timestamp":"2023-09-20 14:52:18"}
{"body":{},"level":"info","message":"Received POST request at /webhook","timestamp":"2023-09-20 14:56:09"}
{"body":{},"level":"info","message":"Received POST request at /webhook","timestamp":"2023-09-20 14:57:06"}
{"body":{"event":"user_registered","user":{"id":1,"name":"John Doe"}},"level":"info","message":"Received POST request at /webhook","timestamp":"2023-09-20 15:23:53"}
{"body":{"event":"user_registered","user":{"id":1,"name":"John Doe"}},"level":"info","message":"Received POST request at /webhook","timestamp":"2023-09-20 15:23:53"}
{"body":{"event":"user_registered","user":{"id":2,"name":"SantiGPT"}},"level":"info","message":"Received POST request at /webhook","timestamp":"2023-09-20 15:25:21"}
{"body":{"name":"carlos"},"level":"info","message":"Received GET request at /webhook","timestamp":"2023-10-02 13:53:47"}
{"body":{"name":"carlos"},"level":"info","message":"Received GET request at /webhook","timestamp":"2023-10-02 13:55:06"}
{"body":{"name":"carlos"},"level":"info","message":"Received GET request at /webhook","timestamp":"2023-10-02 13:55:16"}
{"body":{"name":"carlos"},"level":"info","message":"Received GET request at /webhook","timestamp":"2023-10-02 13:55:57"}
{"body":{"name":"carlos"},"level":"info","message":"Received GET request at /webhook","timestamp":"2023-10-02 13:55:59"}
{"body":{"name":"carlos"},"level":"info","message":"Received POST request at /webhook","timestamp":"2023-10-02 13:56:20"}
{"body":{"name":"carlos"},"level":"info","message":"Received POST request at /webhook","timestamp":"2023-10-02 13:57:37"}
{"body":{"name":"carlos"},"level":"info","message":"Received POST request at /webhook","timestamp":"2023-10-02 13:58:39"}
{"body":{"name":"carlos"},"level":"info","message":"Received POST request at /webhook","timestamp":"2023-10-02 13:59:28"}
{"body":{"name":"carlos"},"level":"info","message":"Received POST request at /webhook","timestamp":"2023-10-02 13:59:46"}
{"body":{"name":"carlos"},"level":"info","message":"Received POST request at /webhook","timestamp":"2023-10-02 13:59:59"}
{"body":{"name":"carlos"},"level":"info","message":"Received POST request at /webhook","timestamp":"2023-10-02 14:00:16"}
{"body":{"name":"carlos"},"level":"info","message":"Received POST request at /webhook","timestamp":"2023-10-02 14:01:30"}
{"body":{"name":"carlos"},"level":"info","message":"Received POST request at /webhook","timestamp":"2023-10-02 14:02:05"}
{"body":{"name":"carlos"},"level":"info","message":"Received POST request at /webhook","timestamp":"2023-10-02 14:03:37"}
{"body":{"name":"carlos"},"level":"info","message":"Received POST request at /webhook","timestamp":"2023-10-02 14:05:53"}
{"body":{"name":"carlos"},"level":"info","message":"Received POST request at /webhook","timestamp":"2023-10-02 14:06:57"}
{"body":{"name":"carlos"},"level":"info","message":"Received POST request at /webhook","timestamp":"2023-10-02 14:07:21"}
{"body":{"name":"carlos"},"level":"info","message":"Received POST request at /webhook","timestamp":"2023-10-02 14:07:44"}
{"body":{"name":"carlos"},"level":"info","message":"Received POST request at /webhook","timestamp":"2023-10-02 14:08:03"}
{"body":{},"level":"info","message":"Received GET request at /webhook","timestamp":"2023-10-03 15:40:56"}
{"body":{},"level":"info","message":"Received GET request at /favicon.ico","timestamp":"2023-10-03 15:40:56"}
{"body":{},"level":"info","message":"Received GET request at /webhook","timestamp":"2023-10-03 15:41:03"}
{"body":{},"level":"info","message":"Received GET request at /webhook","timestamp":"2023-10-03 15:41:06"}
{"body":{},"level":"info","message":"Received GET request at /webhook","timestamp":"2023-10-03 15:41:10"}
{"body":{},"level":"info","message":"Received GET request at /webhook","timestamp":"2023-10-03 17:46:50"}
{"body":{},"level":"info","message":"Received GET request at /webhook","timestamp":"2023-10-03 17:49:37"}
{"body":{},"level":"info","message":"Received GET request at /webhook","timestamp":"2023-10-03 17:50:12"}
{"body":{},"level":"info","message":"Received GET request at /webhook","timestamp":"2023-10-03 17:50:26"}
{"body":{},"level":"info","message":"Received GET request at /webhook","timestamp":"2023-10-03 17:51:10"}
{"body":{},"level":"info","message":"Received GET request at /webhook","timestamp":"2023-10-03 17:51:23"}
{"body":{},"level":"info","message":"Received GET request at /webhook","timestamp":"2023-10-03 17:52:29"}
{"body":{},"level":"info","message":"Received GET request at /webhook","timestamp":"2023-10-03 17:53:16"}
{"body":{},"level":"info","message":"Received GET request at /webhook","timestamp":"2023-10-03 17:54:23"}
{"body":{},"level":"info","message":"Received GET request at /webhook","timestamp":"2023-10-03 17:57:48"}
{"body":{},"level":"info","message":"Received GET request at /webhook","timestamp":"2023-10-03 17:59:57"}
{"body":{},"level":"info","message":"Received GET request at /webhook","timestamp":"2023-10-03 18:00:09"}
{"body":{},"level":"info","message":"Received GET request at /webhook","timestamp":"2023-10-03 18:05:45"}
{"body":{},"level":"info","message":"Received GET request at /webhook","timestamp":"2023-10-03 18:06:29"}
{"body":{},"level":"info","message":"Received GET request at /webhook","timestamp":"2023-10-03 18:07:13"}
{"body":{},"level":"info","message":"Received GET request at /webhook","timestamp":"2023-10-03 18:07:22"}
{"body":{},"level":"info","message":"Received GET request at /webhook","timestamp":"2023-10-03 18:07:41"}
{"body":{},"level":"info","message":"Received GET request at /webhook","timestamp":"2023-10-03 18:08:50"}
{"body":{},"level":"info","message":"Received GET request at /webhook","timestamp":"2023-10-03 18:09:59"}
{"body":{},"level":"info","message":"Received GET request at /webhook","timestamp":"2023-10-03 18:10:41"}
{"body":{},"level":"info","message":"Received GET request at /webhook","timestamp":"2023-10-03 18:10:48"}
{"body":{},"level":"info","message":"Received GET request at /webhook","timestamp":"2023-10-03 18:12:55"}
{"body":{},"level":"info","message":"Received GET request at /webhook","timestamp":"2023-10-03 18:13:20"}
{"body":{},"level":"info","message":"Received GET request at /webhook","timestamp":"2023-10-03 18:13:41"}
{"body":{},"level":"info","message":"Received GET request at /webhook","timestamp":"2023-10-03 18:13:50"}
{"body":{},"level":"info","message":"Received GET request at /webhook","timestamp":"2023-10-03 18:14:17"}
{"body":{},"level":"info","message":"Received GET request at /webhook","timestamp":"2023-10-03 18:14:37"}
{"body":{},"level":"info","message":"Received GET request at /webhook","timestamp":"2023-10-03 18:15:42"}
{"body":{},"level":"info","message":"Received GET request at /webhook","timestamp":"2023-10-03 18:16:28"}
{"body":{},"level":"info","message":"Received GET request at /webhook","timestamp":"2023-10-03 18:17:10"}
{"body":{},"level":"info","message":"Received GET request at /webhook","timestamp":"2023-10-03 18:17:42"}
{"body":{},"level":"info","message":"Received GET request at /webhook","timestamp":"2023-10-03 18:17:44"}
{"body":{},"level":"info","message":"Received GET request at /webhook","timestamp":"2023-10-03 18:17:45"}
{"body":{},"level":"info","message":"Received GET request at /webhook","timestamp":"2023-10-03 18:19:29"}
{"body":{},"level":"info","message":"Received GET request at /webhook","timestamp":"2023-10-03 18:21:42"}
{"body":{},"level":"info","message":"Received GET request at /webhook","timestamp":"2023-10-03 18:23:40"}
{"body":{},"level":"info","message":"Received GET request at /webhook","timestamp":"2023-10-03 18:23:50"}
{"body":{},"level":"info","message":"Received GET request at /webhook","timestamp":"2023-10-03 18:24:30"}
{"body":{},"level":"info","message":"Received GET request at /webhook","timestamp":"2023-10-03 18:24:44"}
{"body":{},"level":"info","message":"Received GET request at /webhook","timestamp":"2023-10-03 18:25:06"}
{"body":{},"level":"info","message":"Received GET request at /webhook","timestamp":"2023-10-03 18:25:48"}
{"body":{},"level":"info","message":"Received GET request at /webhook","timestamp":"2023-10-03 18:25:56"}
{"body":{},"level":"info","message":"Received GET request at /webhook","timestamp":"2023-10-03 18:26:01"}
{"body":{},"level":"info","message":"Received GET request at /webhook","timestamp":"2023-10-03 18:27:05"}
{"body":{},"level":"info","message":"Received GET request at /webhook","timestamp":"2023-10-03 18:27:16"}
{"body":{},"level":"info","message":"Received GET request at /webhook","timestamp":"2023-10-03 18:27:29"}
{"body":{},"level":"info","message":"Received GET request at /webhook","timestamp":"2023-10-03 18:28:35"}
{"body":{},"level":"info","message":"Received GET request at /webhook","timestamp":"2023-10-03 18:28:42"}
{"body":{},"level":"info","message":"Received GET request at /webhook","timestamp":"2023-10-03 18:28:51"}
{"body":{},"level":"info","message":"Received GET request at /webhook","timestamp":"2023-10-03 18:31:07"}
{"body":{},"level":"info","message":"Received GET request at /webhook","timestamp":"2023-10-03 18:33:36"}
{"body":{},"level":"info","message":"Received GET request at /webhook","timestamp":"2023-10-03 18:33:40"}
{"body":{},"level":"info","message":"Received GET request at /webhook","timestamp":"2023-10-03 18:34:01"}
{"body":{},"level":"info","message":"Received GET request at /webhook","timestamp":"2023-10-03 18:35:32"}
{"body":{},"level":"info","message":"Received GET request at /webhook","timestamp":"2023-10-03 18:36:07"}
{"body":{},"level":"info","message":"Received GET request at /webhook","timestamp":"2023-10-03 18:36:53"}
{"body":{},"level":"info","message":"Received GET request at /pandorasender","timestamp":"2023-10-03 18:37:10"}
{"body":{},"level":"info","message":"Received GET request at /pandorasender","timestamp":"2023-10-03 18:37:17"}
{"body":{},"level":"info","message":"Received GET request at /pandorasender","timestamp":"2023-10-03 19:05:43"}
{"body":{},"level":"info","message":"Received GET request at /pandorasender","timestamp":"2023-10-03 19:06:14"}
{"body":{},"level":"info","message":"Received GET request at /pandorasender","timestamp":"2023-10-03 19:07:57"}
{"body":{},"level":"info","message":"Received GET request at /pandorasender","timestamp":"2023-10-03 19:08:18"}
{"body":{},"level":"info","message":"Received GET request at /pandorasender","timestamp":"2023-10-03 19:09:15"}
{"body":{},"level":"info","message":"Received GET request at /pandoraserver","timestamp":"2023-11-01 10:17:40"}
